<?xml version="1.0" encoding="UTF-8"?>
<!-- Generated by org.testng.reporters.JUnitXMLReporter -->
<testsuite hostname="Raman-PC" name="Surefire test" tests="3" failures="0" timestamp="12 Dec 2018 05:34:30 GMT" time="11.666" errors="0">
  <testcase name="executSessionOne" time="5.213" classname="com.franconnect.test.TestGuru99MultipleSession"/>
  <testcase name="executSessionThree" time="1.922" classname="com.franconnect.test.TestGuru99MultipleSession"/>
  <testcase name="executeSessionTwo" time="1.395" classname="com.franconnect.test.TestGuru99MultipleSession"/>
</testsuite> <!-- Surefire test -->
