<?xml version="1.0" encoding="UTF-8"?>
<!-- Generated by org.testng.reporters.JUnitXMLReporter -->
<testsuite hostname="Raman-PC" ignored="0" name="Default test" tests="3" failures="0" timestamp="12 Dec 2018 05:03:20 GMT" time="11.394" errors="0">
  <testcase name="executSessionOne" time="4.944" classname="com.franconnect.test.TestGuru99MultipleSession"/>
  <testcase name="executSessionThree" time="1.762" classname="com.franconnect.test.TestGuru99MultipleSession"/>
  <testcase name="executeSessionTwo" time="1.512" classname="com.franconnect.test.TestGuru99MultipleSession"/>
</testsuite> <!-- Default test -->
