<?xml version="1.0" encoding="UTF-8"?>
<testng-results skipped="0" failed="0" total="3" passed="3">
  <reporter-output>
  </reporter-output>
  <suite name="Surefire suite" duration-ms="11666" started-at="2018-12-12T05:34:19Z" finished-at="2018-12-12T05:34:30Z">
    <groups>
    </groups>
    <test name="Surefire test" duration-ms="11666" started-at="2018-12-12T05:34:19Z" finished-at="2018-12-12T05:34:30Z">
      <class name="com.franconnect.test.TestGuru99MultipleSession">
        <test-method status="PASS" signature="driver()[pri:0, instance:com.franconnect.test.TestGuru99MultipleSession@4e25147a]" name="driver" is-config="true" duration-ms="3119" started-at="2018-12-12T11:04:19Z" finished-at="2018-12-12T11:04:22Z">
          <reporter-output>
          </reporter-output>
        </test-method> <!-- driver -->
        <test-method status="PASS" signature="executSessionOne()[pri:0, instance:com.franconnect.test.TestGuru99MultipleSession@4e25147a]" name="executSessionOne" duration-ms="5213" started-at="2018-12-12T11:04:22Z" finished-at="2018-12-12T11:04:27Z">
          <reporter-output>
          </reporter-output>
        </test-method> <!-- executSessionOne -->
        <test-method status="PASS" signature="executSessionThree()[pri:0, instance:com.franconnect.test.TestGuru99MultipleSession@4e25147a]" name="executSessionThree" duration-ms="1922" started-at="2018-12-12T11:04:27Z" finished-at="2018-12-12T11:04:29Z">
          <reporter-output>
          </reporter-output>
        </test-method> <!-- executSessionThree -->
        <test-method status="PASS" signature="executeSessionTwo()[pri:0, instance:com.franconnect.test.TestGuru99MultipleSession@4e25147a]" name="executeSessionTwo" duration-ms="1395" started-at="2018-12-12T11:04:29Z" finished-at="2018-12-12T11:04:30Z">
          <reporter-output>
          </reporter-output>
        </test-method> <!-- executeSessionTwo -->
        <test-method status="PASS" signature="closeBrowser()[pri:0, instance:com.franconnect.test.TestGuru99MultipleSession@4e25147a]" name="closeBrowser" is-config="true" duration-ms="0" started-at="2018-12-12T11:04:30Z" finished-at="2018-12-12T11:04:30Z">
          <reporter-output>
          </reporter-output>
        </test-method> <!-- closeBrowser -->
      </class> <!-- com.franconnect.test.TestGuru99MultipleSession -->
    </test> <!-- Surefire test -->
  </suite> <!-- Surefire suite -->
</testng-results>
