<?xml version="1.0" encoding="UTF-8"?>
<testng-results skipped="0" failed="0" total="1" passed="1">
  <reporter-output>
  </reporter-output>
  <suite name="TestSuite" duration-ms="25" started-at="2019-05-08T07:24:02Z" finished-at="2019-05-08T07:24:02Z">
    <groups>
      <group name="demo">
        <method signature="Check.demo()[pri:0, instance:com.franconnect.test.Check@3498ed]" name="demo" class="com.franconnect.test.Check"/>
      </group> <!-- demo -->
    </groups>
    <test name="testGuru" duration-ms="25" started-at="2019-05-08T07:24:02Z" finished-at="2019-05-08T07:24:02Z">
      <class name="com.franconnect.test.Check">
        <test-method status="PASS" signature="demo()[pri:0, instance:com.franconnect.test.Check@3498ed]" name="demo" duration-ms="12" started-at="2019-05-08T12:54:02Z" finished-at="2019-05-08T12:54:02Z">
          <reporter-output>
          </reporter-output>
        </test-method> <!-- demo -->
      </class> <!-- com.franconnect.test.Check -->
    </test> <!-- testGuru -->
  </suite> <!-- TestSuite -->
</testng-results>
