<?xml version="1.0" encoding="UTF-8"?>
<testng-results skipped="0" failed="0" ignored="0" total="1" passed="1">
  <reporter-output>
  </reporter-output>
  <suite name="Default suite" duration-ms="37" started-at="2019-05-08T04:38:22Z" finished-at="2019-05-08T04:38:22Z">
    <groups>
      <group name="demo">
        <method signature="Check.demo()[pri:0, instance:com.franconnect.test.Check@29b5cd00]" name="demo" class="com.franconnect.test.Check"/>
      </group> <!-- demo -->
    </groups>
    <test name="Default test" duration-ms="37" started-at="2019-05-08T04:38:22Z" finished-at="2019-05-08T04:38:22Z">
      <class name="com.franconnect.test.Check">
        <test-method status="PASS" signature="demo()[pri:0, instance:com.franconnect.test.Check@29b5cd00]" name="demo" duration-ms="10" started-at="2019-05-08T04:38:22Z" finished-at="2019-05-08T04:38:22Z">
          <reporter-output>
          </reporter-output>
        </test-method> <!-- demo -->
      </class> <!-- com.franconnect.test.Check -->
    </test> <!-- Default test -->
  </suite> <!-- Default suite -->
</testng-results>
