<?xml version="1.0" encoding="UTF-8"?>
<testng-results skipped="0" failed="0" ignored="0" total="3" passed="3">
  <reporter-output>
  </reporter-output>
  <suite name="TestSuite" duration-ms="16205" started-at="2018-12-12T05:12:00Z" finished-at="2018-12-12T05:12:16Z">
    <groups>
    </groups>
    <test name="testGuru" duration-ms="16205" started-at="2018-12-12T05:12:00Z" finished-at="2018-12-12T05:12:16Z">
      <class name="com.franconnect.test.TestGuru99MultipleSession">
        <test-method status="PASS" signature="driver()[pri:0, instance:com.franconnect.test.TestGuru99MultipleSession@670b40af]" name="driver" is-config="true" duration-ms="3039" started-at="2018-12-12T05:12:00Z" finished-at="2018-12-12T05:12:03Z">
          <reporter-output>
          </reporter-output>
        </test-method> <!-- driver -->
        <test-method status="PASS" signature="executSessionOne()[pri:0, instance:com.franconnect.test.TestGuru99MultipleSession@670b40af]" name="executSessionOne" duration-ms="5387" started-at="2018-12-12T05:12:03Z" finished-at="2018-12-12T05:12:09Z">
          <reporter-output>
          </reporter-output>
        </test-method> <!-- executSessionOne -->
        <test-method status="PASS" signature="executSessionThree()[pri:0, instance:com.franconnect.test.TestGuru99MultipleSession@670b40af]" name="executSessionThree" duration-ms="5978" started-at="2018-12-12T05:12:09Z" finished-at="2018-12-12T05:12:15Z">
          <reporter-output>
          </reporter-output>
        </test-method> <!-- executSessionThree -->
        <test-method status="PASS" signature="executeSessionTwo()[pri:0, instance:com.franconnect.test.TestGuru99MultipleSession@670b40af]" name="executeSessionTwo" duration-ms="1779" started-at="2018-12-12T05:12:15Z" finished-at="2018-12-12T05:12:16Z">
          <reporter-output>
          </reporter-output>
        </test-method> <!-- executeSessionTwo -->
        <test-method status="PASS" signature="closeBrowser()[pri:0, instance:com.franconnect.test.TestGuru99MultipleSession@670b40af]" name="closeBrowser" is-config="true" duration-ms="0" started-at="2018-12-12T05:12:16Z" finished-at="2018-12-12T05:12:16Z">
          <reporter-output>
          </reporter-output>
        </test-method> <!-- closeBrowser -->
      </class> <!-- com.franconnect.test.TestGuru99MultipleSession -->
    </test> <!-- testGuru -->
  </suite> <!-- TestSuite -->
</testng-results>
