<?xml version="1.0" encoding="UTF-8"?>
<!-- Generated by org.testng.reporters.JUnitXMLReporter -->
<testsuite hostname="Raman-PC" name="Command line test" tests="3" failures="0" timestamp="12 Dec 2018 05:26:57 GMT" time="13.125" errors="0">
  <testcase name="executSessionOne" time="5.619" classname="com.franconnect.test.TestGuru99MultipleSession"/>
  <testcase name="executSessionThree" time="2.706" classname="com.franconnect.test.TestGuru99MultipleSession"/>
  <testcase name="executeSessionTwo" time="2.134" classname="com.franconnect.test.TestGuru99MultipleSession"/>
</testsuite> <!-- Command line test -->
