<?xml version="1.0" encoding="UTF-8"?>
<!-- Generated by org.testng.reporters.JUnitXMLReporter -->
<testsuite hostname="Raman-PC" ignored="0" name="testGuru" tests="3" failures="0" timestamp="12 Dec 2018 05:12:17 GMT" time="16.205" errors="0">
  <testcase name="executSessionOne" time="5.387" classname="com.franconnect.test.TestGuru99MultipleSession"/>
  <testcase name="executSessionThree" time="5.978" classname="com.franconnect.test.TestGuru99MultipleSession"/>
  <testcase name="executeSessionTwo" time="1.779" classname="com.franconnect.test.TestGuru99MultipleSession"/>
</testsuite> <!-- testGuru -->
